<?xml version="1.0" encoding="UTF-8"?>
<testsuite xmlns:xsi="http://www.w3.org/2001/XMLSchema-instance" xsi:noNamespaceSchemaLocation="https://maven.apache.org/surefire/maven-surefire-plugin/xsd/surefire-test-report.xsd" name="testRunner.TestRunner" time="99.693" tests="3" errors="0" skipped="0" failures="3">
  <properties>
    <property name="java.specification.version" value="16"/>
    <property name="sun.cpu.isalist" value="amd64"/>
    <property name="sun.jnu.encoding" value="Cp1252"/>
    <property name="java.class.path" value="F:\eclipsework\NopCommerce\target\test-classes;F:\eclipsework\NopCommerce\target\classes;C:\Users\DELL\.m2\repository\junit\junit\4.12\junit-4.12.jar;C:\Users\DELL\.m2\repository\io\cucumber\cucumber-java\4.4.0\cucumber-java-4.4.0.jar;C:\Users\DELL\.m2\repository\io\cucumber\cucumber-junit\4.4.0\cucumber-junit-4.4.0.jar;C:\Users\DELL\.m2\repository\org\seleniumhq\selenium\selenium-java\3.141.59\selenium-java-3.141.59.jar;C:\Users\DELL\.m2\repository\org\seleniumhq\selenium\selenium-api\3.141.59\selenium-api-3.141.59.jar;C:\Users\DELL\.m2\repository\org\seleniumhq\selenium\selenium-chrome-driver\3.141.59\selenium-chrome-driver-3.141.59.jar;C:\Users\DELL\.m2\repository\org\seleniumhq\selenium\selenium-edge-driver\3.141.59\selenium-edge-driver-3.141.59.jar;C:\Users\DELL\.m2\repository\org\seleniumhq\selenium\selenium-firefox-driver\3.141.59\selenium-firefox-driver-3.141.59.jar;C:\Users\DELL\.m2\repository\org\seleniumhq\selenium\selenium-ie-driver\3.141.59\selenium-ie-driver-3.141.59.jar;C:\Users\DELL\.m2\repository\org\seleniumhq\selenium\selenium-opera-driver\3.141.59\selenium-opera-driver-3.141.59.jar;C:\Users\DELL\.m2\repository\org\seleniumhq\selenium\selenium-remote-driver\3.141.59\selenium-remote-driver-3.141.59.jar;C:\Users\DELL\.m2\repository\org\seleniumhq\selenium\selenium-safari-driver\3.141.59\selenium-safari-driver-3.141.59.jar;C:\Users\DELL\.m2\repository\org\seleniumhq\selenium\selenium-support\3.141.59\selenium-support-3.141.59.jar;C:\Users\DELL\.m2\repository\net\bytebuddy\byte-buddy\1.8.15\byte-buddy-1.8.15.jar;C:\Users\DELL\.m2\repository\org\apache\commons\commons-exec\1.3\commons-exec-1.3.jar;C:\Users\DELL\.m2\repository\com\google\guava\guava\25.0-jre\guava-25.0-jre.jar;C:\Users\DELL\.m2\repository\com\google\code\findbugs\jsr305\1.3.9\jsr305-1.3.9.jar;C:\Users\DELL\.m2\repository\org\checkerframework\checker-compat-qual\2.0.0\checker-compat-qual-2.0.0.jar;C:\Users\DELL\.m2\repository\com\google\errorprone\error_prone_annotations\2.1.3\error_prone_annotations-2.1.3.jar;C:\Users\DELL\.m2\repository\com\google\j2objc\j2objc-annotations\1.1\j2objc-annotations-1.1.jar;C:\Users\DELL\.m2\repository\org\codehaus\mojo\animal-sniffer-annotations\1.14\animal-sniffer-annotations-1.14.jar;C:\Users\DELL\.m2\repository\com\squareup\okhttp3\okhttp\3.11.0\okhttp-3.11.0.jar;C:\Users\DELL\.m2\repository\com\squareup\okio\okio\1.14.0\okio-1.14.0.jar;C:\Users\DELL\.m2\repository\net\masterthought\cucumber-reporting\4.7.0\cucumber-reporting-4.7.0.jar;C:\Users\DELL\.m2\repository\com\fasterxml\jackson\core\jackson-databind\2.9.8\jackson-databind-2.9.8.jar;C:\Users\DELL\.m2\repository\com\fasterxml\jackson\core\jackson-annotations\2.9.0\jackson-annotations-2.9.0.jar;C:\Users\DELL\.m2\repository\com\fasterxml\jackson\core\jackson-core\2.9.8\jackson-core-2.9.8.jar;C:\Users\DELL\.m2\repository\org\apache\velocity\velocity\1.7\velocity-1.7.jar;C:\Users\DELL\.m2\repository\commons-collections\commons-collections\3.2.1\commons-collections-3.2.1.jar;C:\Users\DELL\.m2\repository\commons-lang\commons-lang\2.4\commons-lang-2.4.jar;C:\Users\DELL\.m2\repository\velocity-tools\velocity-tools\1.4\velocity-tools-1.4.jar;C:\Users\DELL\.m2\repository\joda-time\joda-time\2.10.1\joda-time-2.10.1.jar;C:\Users\DELL\.m2\repository\org\apache\commons\commons-lang3\3.8.1\commons-lang3-3.8.1.jar;C:\Users\DELL\.m2\repository\commons-io\commons-io\2.6\commons-io-2.6.jar;C:\Users\DELL\.m2\repository\org\codehaus\plexus\plexus-utils\3.1.1\plexus-utils-3.1.1.jar;C:\Users\DELL\.m2\repository\org\jsoup\jsoup\1.11.3\jsoup-1.11.3.jar;C:\Users\DELL\.m2\repository\com\googlecode\owasp-java-html-sanitizer\owasp-java-html-sanitizer\20190325.1\owasp-java-html-sanitizer-20190325.1.jar;C:\Users\DELL\.m2\repository\commons-configuration\commons-configuration\1.10\commons-configuration-1.10.jar;C:\Users\DELL\.m2\repository\commons-logging\commons-logging\1.1.1\commons-logging-1.1.1.jar;C:\Users\DELL\.m2\repository\io\cucumber\cucumber-core\4.4.0\cucumber-core-4.4.0.jar;C:\Users\DELL\.m2\repository\io\cucumber\tag-expressions\1.1.1\tag-expressions-1.1.1.jar;C:\Users\DELL\.m2\repository\io\cucumber\cucumber-expressions\7.0.2\cucumber-expressions-7.0.2.jar;C:\Users\DELL\.m2\repository\io\cucumber\datatable\1.1.14\datatable-1.1.14.jar;C:\Users\DELL\.m2\repository\io\cucumber\datatable-dependencies\1.1.14\datatable-dependencies-1.1.14.jar;C:\Users\DELL\.m2\repository\io\cucumber\cucumber-html\0.2.7\cucumber-html-0.2.7.jar;C:\Users\DELL\.m2\repository\net\sourceforge\cobertura\cobertura\2.1.1\cobertura-2.1.1.jar;C:\Users\DELL\.m2\repository\org\ow2\asm\asm\5.0.1\asm-5.0.1.jar;C:\Users\DELL\.m2\repository\org\ow2\asm\asm-tree\5.0.1\asm-tree-5.0.1.jar;C:\Users\DELL\.m2\repository\org\ow2\asm\asm-commons\5.0.1\asm-commons-5.0.1.jar;C:\Users\DELL\.m2\repository\org\ow2\asm\asm-util\5.0.1\asm-util-5.0.1.jar;C:\Users\DELL\.m2\repository\org\ow2\asm\asm-analysis\5.0.1\asm-analysis-5.0.1.jar;C:\Users\DELL\.m2\repository\oro\oro\2.0.8\oro-2.0.8.jar;C:\Users\DELL\.m2\repository\jaxen\jaxen\1.1.4\jaxen-1.1.4.jar;C:\Users\DELL\.m2\repository\org\apache\ant\ant\1.8.3\ant-1.8.3.jar;C:\Users\DELL\.m2\repository\org\apache\ant\ant-launcher\1.8.3\ant-launcher-1.8.3.jar;C:\Users\DELL\.m2\repository\org\apache\ant\ant-junit\1.8.3\ant-junit-1.8.3.jar;C:\Users\DELL\.m2\repository\org\mortbay\jetty\servlet-api-2.5\6.1.14\servlet-api-2.5-6.1.14.jar;C:\Users\DELL\.m2\repository\org\mortbay\jetty\jetty\6.1.14\jetty-6.1.14.jar;C:\Users\DELL\.m2\repository\org\mortbay\jetty\jetty-util\6.1.14\jetty-util-6.1.14.jar;C:\Users\DELL\.m2\repository\org\slf4j\slf4j-api\1.7.5\slf4j-api-1.7.5.jar;C:\Users\DELL\.m2\repository\ch\qos\logback\logback-classic\1.0.13\logback-classic-1.0.13.jar;C:\Users\DELL\.m2\repository\ch\qos\logback\logback-core\1.0.13\logback-core-1.0.13.jar;C:\Users\DELL\.m2\repository\io\cucumber\cucumber-jvm-deps\1.0.6\cucumber-jvm-deps-1.0.6.jar;C:\Users\DELL\.m2\repository\org\hamcrest\hamcrest-core\2.1\hamcrest-core-2.1.jar;C:\Users\DELL\.m2\repository\org\hamcrest\hamcrest\2.1\hamcrest-2.1.jar;C:\Users\DELL\.m2\repository\io\cucumber\gherkin\5.1.0\gherkin-5.1.0.jar;C:\Users\DELL\.m2\repository\io\cucumber\gherkin-jvm-deps\1.0.4\gherkin-jvm-deps-1.0.4.jar;C:\Program Files\Java\jdk-16.0.1\lib\tools.jar;"/>
    <property name="java.vm.vendor" value="Oracle Corporation"/>
    <property name="sun.arch.data.model" value="64"/>
    <property name="user.variant" value=""/>
    <property name="java.vendor.url" value="https://java.oracle.com/"/>
    <property name="user.timezone" value="Asia/Calcutta"/>
    <property name="os.name" value="Windows 10"/>
    <property name="java.vm.specification.version" value="16"/>
    <property name="sun.java.launcher" value="SUN_STANDARD"/>
    <property name="user.country" value="IN"/>
    <property name="sun.boot.library.path" value="C:\Program Files\Java\jdk-16.0.1\bin"/>
    <property name="sun.java.command" value="C:\Users\DELL\AppData\Local\Temp\surefire2466441617805129045\surefirebooter5330291854501535918.jar C:\Users\DELL\AppData\Local\Temp\surefire2466441617805129045 2021-09-07T13-06-43_620-jvmRun1 surefire15960379359081661382tmp surefire_05873358305635463536tmp"/>
    <property name="jdk.debug" value="release"/>
    <property name="surefire.test.class.path" value="F:\eclipsework\NopCommerce\target\test-classes;F:\eclipsework\NopCommerce\target\classes;C:\Users\DELL\.m2\repository\junit\junit\4.12\junit-4.12.jar;C:\Users\DELL\.m2\repository\io\cucumber\cucumber-java\4.4.0\cucumber-java-4.4.0.jar;C:\Users\DELL\.m2\repository\io\cucumber\cucumber-junit\4.4.0\cucumber-junit-4.4.0.jar;C:\Users\DELL\.m2\repository\org\seleniumhq\selenium\selenium-java\3.141.59\selenium-java-3.141.59.jar;C:\Users\DELL\.m2\repository\org\seleniumhq\selenium\selenium-api\3.141.59\selenium-api-3.141.59.jar;C:\Users\DELL\.m2\repository\org\seleniumhq\selenium\selenium-chrome-driver\3.141.59\selenium-chrome-driver-3.141.59.jar;C:\Users\DELL\.m2\repository\org\seleniumhq\selenium\selenium-edge-driver\3.141.59\selenium-edge-driver-3.141.59.jar;C:\Users\DELL\.m2\repository\org\seleniumhq\selenium\selenium-firefox-driver\3.141.59\selenium-firefox-driver-3.141.59.jar;C:\Users\DELL\.m2\repository\org\seleniumhq\selenium\selenium-ie-driver\3.141.59\selenium-ie-driver-3.141.59.jar;C:\Users\DELL\.m2\repository\org\seleniumhq\selenium\selenium-opera-driver\3.141.59\selenium-opera-driver-3.141.59.jar;C:\Users\DELL\.m2\repository\org\seleniumhq\selenium\selenium-remote-driver\3.141.59\selenium-remote-driver-3.141.59.jar;C:\Users\DELL\.m2\repository\org\seleniumhq\selenium\selenium-safari-driver\3.141.59\selenium-safari-driver-3.141.59.jar;C:\Users\DELL\.m2\repository\org\seleniumhq\selenium\selenium-support\3.141.59\selenium-support-3.141.59.jar;C:\Users\DELL\.m2\repository\net\bytebuddy\byte-buddy\1.8.15\byte-buddy-1.8.15.jar;C:\Users\DELL\.m2\repository\org\apache\commons\commons-exec\1.3\commons-exec-1.3.jar;C:\Users\DELL\.m2\repository\com\google\guava\guava\25.0-jre\guava-25.0-jre.jar;C:\Users\DELL\.m2\repository\com\google\code\findbugs\jsr305\1.3.9\jsr305-1.3.9.jar;C:\Users\DELL\.m2\repository\org\checkerframework\checker-compat-qual\2.0.0\checker-compat-qual-2.0.0.jar;C:\Users\DELL\.m2\repository\com\google\errorprone\error_prone_annotations\2.1.3\error_prone_annotations-2.1.3.jar;C:\Users\DELL\.m2\repository\com\google\j2objc\j2objc-annotations\1.1\j2objc-annotations-1.1.jar;C:\Users\DELL\.m2\repository\org\codehaus\mojo\animal-sniffer-annotations\1.14\animal-sniffer-annotations-1.14.jar;C:\Users\DELL\.m2\repository\com\squareup\okhttp3\okhttp\3.11.0\okhttp-3.11.0.jar;C:\Users\DELL\.m2\repository\com\squareup\okio\okio\1.14.0\okio-1.14.0.jar;C:\Users\DELL\.m2\repository\net\masterthought\cucumber-reporting\4.7.0\cucumber-reporting-4.7.0.jar;C:\Users\DELL\.m2\repository\com\fasterxml\jackson\core\jackson-databind\2.9.8\jackson-databind-2.9.8.jar;C:\Users\DELL\.m2\repository\com\fasterxml\jackson\core\jackson-annotations\2.9.0\jackson-annotations-2.9.0.jar;C:\Users\DELL\.m2\repository\com\fasterxml\jackson\core\jackson-core\2.9.8\jackson-core-2.9.8.jar;C:\Users\DELL\.m2\repository\org\apache\velocity\velocity\1.7\velocity-1.7.jar;C:\Users\DELL\.m2\repository\commons-collections\commons-collections\3.2.1\commons-collections-3.2.1.jar;C:\Users\DELL\.m2\repository\commons-lang\commons-lang\2.4\commons-lang-2.4.jar;C:\Users\DELL\.m2\repository\velocity-tools\velocity-tools\1.4\velocity-tools-1.4.jar;C:\Users\DELL\.m2\repository\joda-time\joda-time\2.10.1\joda-time-2.10.1.jar;C:\Users\DELL\.m2\repository\org\apache\commons\commons-lang3\3.8.1\commons-lang3-3.8.1.jar;C:\Users\DELL\.m2\repository\commons-io\commons-io\2.6\commons-io-2.6.jar;C:\Users\DELL\.m2\repository\org\codehaus\plexus\plexus-utils\3.1.1\plexus-utils-3.1.1.jar;C:\Users\DELL\.m2\repository\org\jsoup\jsoup\1.11.3\jsoup-1.11.3.jar;C:\Users\DELL\.m2\repository\com\googlecode\owasp-java-html-sanitizer\owasp-java-html-sanitizer\20190325.1\owasp-java-html-sanitizer-20190325.1.jar;C:\Users\DELL\.m2\repository\commons-configuration\commons-configuration\1.10\commons-configuration-1.10.jar;C:\Users\DELL\.m2\repository\commons-logging\commons-logging\1.1.1\commons-logging-1.1.1.jar;C:\Users\DELL\.m2\repository\io\cucumber\cucumber-core\4.4.0\cucumber-core-4.4.0.jar;C:\Users\DELL\.m2\repository\io\cucumber\tag-expressions\1.1.1\tag-expressions-1.1.1.jar;C:\Users\DELL\.m2\repository\io\cucumber\cucumber-expressions\7.0.2\cucumber-expressions-7.0.2.jar;C:\Users\DELL\.m2\repository\io\cucumber\datatable\1.1.14\datatable-1.1.14.jar;C:\Users\DELL\.m2\repository\io\cucumber\datatable-dependencies\1.1.14\datatable-dependencies-1.1.14.jar;C:\Users\DELL\.m2\repository\io\cucumber\cucumber-html\0.2.7\cucumber-html-0.2.7.jar;C:\Users\DELL\.m2\repository\net\sourceforge\cobertura\cobertura\2.1.1\cobertura-2.1.1.jar;C:\Users\DELL\.m2\repository\org\ow2\asm\asm\5.0.1\asm-5.0.1.jar;C:\Users\DELL\.m2\repository\org\ow2\asm\asm-tree\5.0.1\asm-tree-5.0.1.jar;C:\Users\DELL\.m2\repository\org\ow2\asm\asm-commons\5.0.1\asm-commons-5.0.1.jar;C:\Users\DELL\.m2\repository\org\ow2\asm\asm-util\5.0.1\asm-util-5.0.1.jar;C:\Users\DELL\.m2\repository\org\ow2\asm\asm-analysis\5.0.1\asm-analysis-5.0.1.jar;C:\Users\DELL\.m2\repository\oro\oro\2.0.8\oro-2.0.8.jar;C:\Users\DELL\.m2\repository\jaxen\jaxen\1.1.4\jaxen-1.1.4.jar;C:\Users\DELL\.m2\repository\org\apache\ant\ant\1.8.3\ant-1.8.3.jar;C:\Users\DELL\.m2\repository\org\apache\ant\ant-launcher\1.8.3\ant-launcher-1.8.3.jar;C:\Users\DELL\.m2\repository\org\apache\ant\ant-junit\1.8.3\ant-junit-1.8.3.jar;C:\Users\DELL\.m2\repository\org\mortbay\jetty\servlet-api-2.5\6.1.14\servlet-api-2.5-6.1.14.jar;C:\Users\DELL\.m2\repository\org\mortbay\jetty\jetty\6.1.14\jetty-6.1.14.jar;C:\Users\DELL\.m2\repository\org\mortbay\jetty\jetty-util\6.1.14\jetty-util-6.1.14.jar;C:\Users\DELL\.m2\repository\org\slf4j\slf4j-api\1.7.5\slf4j-api-1.7.5.jar;C:\Users\DELL\.m2\repository\ch\qos\logback\logback-classic\1.0.13\logback-classic-1.0.13.jar;C:\Users\DELL\.m2\repository\ch\qos\logback\logback-core\1.0.13\logback-core-1.0.13.jar;C:\Users\DELL\.m2\repository\io\cucumber\cucumber-jvm-deps\1.0.6\cucumber-jvm-deps-1.0.6.jar;C:\Users\DELL\.m2\repository\org\hamcrest\hamcrest-core\2.1\hamcrest-core-2.1.jar;C:\Users\DELL\.m2\repository\org\hamcrest\hamcrest\2.1\hamcrest-2.1.jar;C:\Users\DELL\.m2\repository\io\cucumber\gherkin\5.1.0\gherkin-5.1.0.jar;C:\Users\DELL\.m2\repository\io\cucumber\gherkin-jvm-deps\1.0.4\gherkin-jvm-deps-1.0.4.jar;C:\Program Files\Java\jdk-16.0.1\lib\tools.jar;"/>
    <property name="sun.cpu.endian" value="little"/>
    <property name="user.home" value="C:\Users\DELL"/>
    <property name="user.language" value="en"/>
    <property name="java.specification.vendor" value="Oracle Corporation"/>
    <property name="java.version.date" value="2021-04-20"/>
    <property name="java.home" value="C:\Program Files\Java\jdk-16.0.1"/>
    <property name="file.separator" value="\"/>
    <property name="basedir" value="F:\eclipsework\NopCommerce"/>
    <property name="java.vm.compressedOopsMode" value="32-bit"/>
    <property name="line.separator" value="&#10;"/>
    <property name="java.vm.specification.vendor" value="Oracle Corporation"/>
    <property name="java.specification.name" value="Java Platform API Specification"/>
    <property name="surefire.real.class.path" value="C:\Users\DELL\AppData\Local\Temp\surefire2466441617805129045\surefirebooter5330291854501535918.jar"/>
    <property name="user.script" value=""/>
    <property name="sun.management.compiler" value="HotSpot 64-Bit Tiered Compilers"/>
    <property name="java.runtime.version" value="16.0.1+9-24"/>
    <property name="user.name" value="DELL"/>
    <property name="path.separator" value=";"/>
    <property name="os.version" value="10.0"/>
    <property name="java.runtime.name" value="Java(TM) SE Runtime Environment"/>
    <property name="file.encoding" value="Cp1252"/>
    <property name="java.vm.name" value="Java HotSpot(TM) 64-Bit Server VM"/>
    <property name="localRepository" value="C:\Users\DELL\.m2\repository"/>
    <property name="java.vendor.url.bug" value="https://bugreport.java.com/bugreport/"/>
    <property name="java.io.tmpdir" value="C:\Users\DELL\AppData\Local\Temp\"/>
    <property name="java.version" value="16.0.1"/>
    <property name="user.dir" value="F:\eclipsework\NopCommerce"/>
    <property name="os.arch" value="amd64"/>
    <property name="java.vm.specification.name" value="Java Virtual Machine Specification"/>
    <property name="sun.os.patch.level" value=""/>
    <property name="java.library.path" value="C:\Program Files\Java\jdk-16.0.1\bin;C:\Windows\Sun\Java\bin;C:\Windows\system32;C:\Windows;C:\Program Files\Common Files\Oracle\Java\javapath;C:\Program Files (x86)\Common Files\Oracle\Java\javapath;C:\Windows\system32;C:\Windows;C:\Windows\System32\Wbem;C:\Windows\System32\WindowsPowerShell\v1.0\;C:\Windows\System32\OpenSSH\;C:\Program Files\Java\jdk-16.0.1\bin;C:\Program Files\Git\cmd;C:\Users\DELL\AppData\Local\Microsoft\WindowsApps;;."/>
    <property name="java.vm.info" value="mixed mode, sharing"/>
    <property name="java.vendor" value="Oracle Corporation"/>
    <property name="java.vm.version" value="16.0.1+9-24"/>
    <property name="sun.io.unicode.encoding" value="UnicodeLittle"/>
    <property name="java.class.version" value="60.0"/>
  </properties>
  <testcase name="Add a new Customer" classname="Customers" time="34.958">
    <failure message="expected:&lt;[Add a new customer] / nopCommerce admin...&gt; but was:&lt;[Customers] / nopCommerce admin...&gt;" type="org.junit.ComparisonFailure"><![CDATA[org.junit.ComparisonFailure: expected:<[Add a new customer] / nopCommerce admin...> but was:<[Customers] / nopCommerce admin...>
]]></failure>
    <system-out><![CDATA[Feature: Customers

  Background: Below are the common steps for each Senario                  # Features/Customers.feature:3
    Given User Launch Firefox browser                                      # Steps.user_Launch_Firefox_browser()
    When User opens URL "http://admin-demo.nopcommerce.com/login"          # Steps.user_opens_URL(String)
    And User enters Email as "admin@yourstore.com" and Password as "admin" # Steps.user_enters_Email_as_and_Password_as(String,String)
    And Click on Login                                                     # Steps.click_on_Login()
    Then User can view Dashboard                                           # Steps.user_can_view_Dashboard()
    When User click on customers menu                                      # Steps.user_click_on_customers_menu()

  Scenario: Add a new Customer                                                              # Features/Customers.feature:11
    And click on customers menu Item                                                        # Steps.click_on_customers_menu_Item()
    And click on Add new button                                                             # Steps.click_on_Add_new_button()
    Then User can view Add new customer page                                                # Steps.user_can_view_Add_new_customer_page()
      org.junit.ComparisonFailure: expected:<[Add a new customer] / nopCommerce admin...> but was:<[Customers] / nopCommerce admin...>
	at org.junit.Assert.assertEquals(Assert.java:115)
	at org.junit.Assert.assertEquals(Assert.java:144)
	at stepDefinations.Steps.user_can_view_Add_new_customer_page(Steps.java:117)
	at ?.User can view Add new customer page(file:Features/Customers.feature:14)

    When User enter customer info                                                           # Steps.user_enter_customer_info()
    And click on save button                                                                # Steps.click_on_save_button()
    Then User can view confirmation message "The new customer has been added successfully." # Steps.user_can_view_confirmation_message(String)
    And close browser                                                                       # Steps.close_browser()
]]></system-out>
    <system-err><![CDATA[Sep 07, 2021 1:06:45 PM cucumber.runtime.java.ObjectFactoryLoader loadSingleObjectFactory
WARNING: Use deprecated reflections to load ObjectFactory.
1631000205827	geckodriver	INFO	Listening on 127.0.0.1:18280
1631000206123	mozrunner::runner	INFO	Running command: "C:\\Program Files (x86)\\Mozilla Firefox\\firefox.exe" "--marionette" "-foreground" "-no-remote" "-profile" "C:\\Users\\DELL\\AppData\\Local\\Temp\\rust_mozprofileuU5WGx"
1631000206749	Marionette	INFO	Marionette enabled
console.warn: SearchSettings: "get: No settings file exists, new profile?" (new NotFoundError("Could not open the file at C:\\Users\\DELL\\AppData\\Local\\Temp\\rust_mozprofileuU5WGx\\search.json.mozlz4", (void 0)))
1631000210913	Marionette	INFO	Listening on port 51932
1631000211001	RemoteAgent	WARN	TLS certificate errors will be ignored for this session
Sep 07, 2021 1:06:51 PM org.openqa.selenium.remote.ProtocolHandshake createSession
INFO: Detected dialect: W3C
1631000237866	Marionette	WARN	TimedPromise timed out after 500 ms: stacktrace:
TimedPromise/<@chrome://remote/content/marionette/sync.js:238:19
TimedPromise@chrome://remote/content/marionette/sync.js:223:10
interaction.flushEventLoop@chrome://remote/content/marionette/interaction.js:431:10
webdriverClickElement@chrome://remote/content/marionette/interaction.js:179:31
send@https://admin-demo.nopcommerce.com/lib_npm/jquery/jquery.min.js:2:82613
ajax@https://admin-demo.nopcommerce.com/lib_npm/jquery/jquery.min.js:2:78223
s.ajax@https://admin-demo.nopcommerce.com/lib_npm/jquery-migrate/jquery-migrate.min.js:2:3931
init@https://admin-demo.nopcommerce.com/js/admin.navigation.js:59:11
initOnce@https://admin-demo.nopcommerce.com/js/admin.navigation.js:93:17
init@https://admin-demo.nopcommerce.com/js/admin.search.js:75:30
@https://admin-demo.nopcommerce.com/Admin/Customer/List:156:46
e@https://admin-demo.nopcommerce.com/lib_npm/jquery/jquery.min.js:2:30005
l/</t<@https://admin-demo.nopcommerce.com/lib_npm/jquery/jquery.min.js:2:30307
]]></system-err>
  </testcase>
  <testcase name="Search customers by EmailID" classname="Customers" time="30.647">
    <failure message="expected:&lt;true&gt; but was:&lt;false&gt;" type="java.lang.AssertionError"><![CDATA[java.lang.AssertionError: expected:<true> but was:<false>
]]></failure>
    <system-out><![CDATA[
  Background: Below are the common steps for each Senario                  # Features/Customers.feature:3
    Given User Launch Firefox browser                                      # Steps.user_Launch_Firefox_browser()
    When User opens URL "http://admin-demo.nopcommerce.com/login"          # Steps.user_opens_URL(String)
    And User enters Email as "admin@yourstore.com" and Password as "admin" # Steps.user_enters_Email_as_and_Password_as(String,String)
    And Click on Login                                                     # Steps.click_on_Login()
    Then User can view Dashboard                                           # Steps.user_can_view_Dashboard()
    When User click on customers menu                                      # Steps.user_click_on_customers_menu()

  Scenario: Search customers by EmailID                                  # Features/Customers.feature:20
    And click on customers menu Item                                     # Steps.click_on_customers_menu_Item()
    And Enters customers Email                                           # Steps.enters_customers_Email()
    When Click on search button                                          # Steps.click_on_search_button()
    Then User should found Customer details by Email in the Search table # Steps.user_should_found_Customer_details_by_Email_in_the_Search_table()
      java.lang.AssertionError: expected:<true> but was:<false>
	at org.junit.Assert.fail(Assert.java:88)
	at org.junit.Assert.failNotEquals(Assert.java:834)
	at org.junit.Assert.assertEquals(Assert.java:118)
	at org.junit.Assert.assertEquals(Assert.java:144)
	at stepDefinations.Steps.user_should_found_Customer_details_by_Email_in_the_Search_table(Steps.java:191)
	at ?.User should found Customer details by Email in the Search table(file:Features/Customers.feature:24)

    And close browser                                                    # Steps.close_browser()
]]></system-out>
    <system-err><![CDATA[1631000240430	geckodriver	INFO	Listening on 127.0.0.1:20960
1631000240494	mozrunner::runner	INFO	Running command: "C:\\Program Files (x86)\\Mozilla Firefox\\firefox.exe" "--marionette" "-foreground" "-no-remote" "-profile" "C:\\Users\\DELL\\AppData\\Local\\Temp\\rust_mozprofileXsf20z"
1631000242172	Marionette	INFO	Marionette enabled
console.warn: SearchSettings: "get: No settings file exists, new profile?" (new NotFoundError("Could not open the file at C:\\Users\\DELL\\AppData\\Local\\Temp\\rust_mozprofileXsf20z\\search.json.mozlz4", (void 0)))
1631000249684	Marionette	INFO	Listening on port 59734
1631000250205	RemoteAgent	WARN	TLS certificate errors will be ignored for this session
Sep 07, 2021 1:07:30 PM org.openqa.selenium.remote.ProtocolHandshake createSession
INFO: Detected dialect: W3C
1631000267638	Marionette	WARN	TimedPromise timed out after 500 ms: stacktrace:
TimedPromise/<@chrome://remote/content/marionette/sync.js:238:19
TimedPromise@chrome://remote/content/marionette/sync.js:223:10
interaction.flushEventLoop@chrome://remote/content/marionette/interaction.js:431:10
webdriverClickElement@chrome://remote/content/marionette/interaction.js:179:31
send@https://admin-demo.nopcommerce.com/lib_npm/jquery/jquery.min.js:2:82613
ajax@https://admin-demo.nopcommerce.com/lib_npm/jquery/jquery.min.js:2:78223
s.ajax@https://admin-demo.nopcommerce.com/lib_npm/jquery-migrate/jquery-migrate.min.js:2:3931
init@https://admin-demo.nopcommerce.com/js/admin.navigation.js:59:11
initOnce@https://admin-demo.nopcommerce.com/js/admin.navigation.js:93:17
init@https://admin-demo.nopcommerce.com/js/admin.search.js:75:30
@https://admin-demo.nopcommerce.com/Admin/Customer/List:156:46
e@https://admin-demo.nopcommerce.com/lib_npm/jquery/jquery.min.js:2:30005
l/</t<@https://admin-demo.nopcommerce.com/lib_npm/jquery/jquery.min.js:2:30307
]]></system-err>
  </testcase>
  <testcase name="Search customers by Name" classname="Customers" time="33.437">
    <failure message="expected:&lt;true&gt; but was:&lt;false&gt;" type="java.lang.AssertionError"><![CDATA[java.lang.AssertionError: expected:<true> but was:<false>
]]></failure>
    <system-out><![CDATA[
  Background: Below are the common steps for each Senario                  # Features/Customers.feature:3
    Given User Launch Firefox browser                                      # Steps.user_Launch_Firefox_browser()
    When User opens URL "http://admin-demo.nopcommerce.com/login"          # Steps.user_opens_URL(String)
    And User enters Email as "admin@yourstore.com" and Password as "admin" # Steps.user_enters_Email_as_and_Password_as(String,String)
    And Click on Login                                                     # Steps.click_on_Login()
    Then User can view Dashboard                                           # Steps.user_can_view_Dashboard()
    When User click on customers menu                                      # Steps.user_click_on_customers_menu()

  Scenario: Search customers by Name                                    # Features/Customers.feature:27
    And click on customers menu Item                                    # Steps.click_on_customers_menu_Item()
    And Enters customers FirstName                                      # Steps.enters_customers_FirstName()
    And Enters customers LastName                                       # Steps.enters_customers_LastName()
    When Click on search button                                         # Steps.click_on_search_button()
    Then User should found Customer details by Name in the Search table # Steps.user_should_found_Customer_details_by_Name_in_the_Search_table()
      java.lang.AssertionError: expected:<true> but was:<false>
	at org.junit.Assert.fail(Assert.java:88)
	at org.junit.Assert.failNotEquals(Assert.java:834)
	at org.junit.Assert.assertEquals(Assert.java:118)
	at org.junit.Assert.assertEquals(Assert.java:144)
	at stepDefinations.Steps.user_should_found_Customer_details_by_Name_in_the_Search_table(Steps.java:214)
	at ?.User should found Customer details by Name in the Search table(file:Features/Customers.feature:32)

    And close browser                                                   # Steps.close_browser()
]]></system-out>
    <system-err><![CDATA[1631000270995	geckodriver	INFO	Listening on 127.0.0.1:16007
1631000271016	mozrunner::runner	INFO	Running command: "C:\\Program Files (x86)\\Mozilla Firefox\\firefox.exe" "--marionette" "-foreground" "-no-remote" "-profile" "C:\\Users\\DELL\\AppData\\Local\\Temp\\rust_mozprofileA2ruUg"
1631000272204	Marionette	INFO	Marionette enabled
console.warn: SearchSettings: "get: No settings file exists, new profile?" (new NotFoundError("Could not open the file at C:\\Users\\DELL\\AppData\\Local\\Temp\\rust_mozprofileA2ruUg\\search.json.mozlz4", (void 0)))
1631000279223	Marionette	INFO	Listening on port 50909
1631000279556	RemoteAgent	WARN	TLS certificate errors will be ignored for this session
Sep 07, 2021 1:07:59 PM org.openqa.selenium.remote.ProtocolHandshake createSession
INFO: Detected dialect: W3C
1631000301092	Marionette	WARN	TimedPromise timed out after 500 ms: stacktrace:
TimedPromise/<@chrome://remote/content/marionette/sync.js:238:19
TimedPromise@chrome://remote/content/marionette/sync.js:223:10
interaction.flushEventLoop@chrome://remote/content/marionette/interaction.js:431:10
webdriverClickElement@chrome://remote/content/marionette/interaction.js:179:31
send@https://admin-demo.nopcommerce.com/lib_npm/jquery/jquery.min.js:2:82613
ajax@https://admin-demo.nopcommerce.com/lib_npm/jquery/jquery.min.js:2:78223
s.ajax@https://admin-demo.nopcommerce.com/lib_npm/jquery-migrate/jquery-migrate.min.js:2:3931
init@https://admin-demo.nopcommerce.com/js/admin.navigation.js:59:11
initOnce@https://admin-demo.nopcommerce.com/js/admin.navigation.js:93:17
init@https://admin-demo.nopcommerce.com/js/admin.search.js:75:30
@https://admin-demo.nopcommerce.com/Admin/Customer/List:156:46
e@https://admin-demo.nopcommerce.com/lib_npm/jquery/jquery.min.js:2:30005
l/</t<@https://admin-demo.nopcommerce.com/lib_npm/jquery/jquery.min.js:2:30307
]]></system-err>
  </testcase>
</testsuite>